<?xml version="1.0" encoding="UTF-8"?>
<testsuite name="UserDaoTests" tests="1" skipped="0" failures="0" errors="0" timestamp="2021-03-19T10:18:27" hostname="DESKTOP-SJPFTIR" time="0.56">
  <properties/>
  <testcase name="get()" classname="UserDaoTests" time="0.56"/>
  <system-out><![CDATA[]]></system-out>
  <system-err><![CDATA[]]></system-err>
</testsuite>
