<?xml version="1.0" encoding="UTF-8"?>
<testsuite name="UserDaoTests" tests="4" skipped="0" failures="0" errors="0" timestamp="2021-04-09T09:43:11" hostname="DESKTOP-SJPFTIR" time="0.874">
  <properties/>
  <testcase name="delete()" classname="UserDaoTests" time="0.704"/>
  <testcase name="insert()" classname="UserDaoTests" time="0.067"/>
  <testcase name="update()" classname="UserDaoTests" time="0.079"/>
  <testcase name="get()" classname="UserDaoTests" time="0.021"/>
  <system-out><![CDATA[]]></system-out>
  <system-err><![CDATA[]]></system-err>
</testsuite>
